\BOOKMARK [0][]{chapter.2}{Einleitung}{}% 1
\BOOKMARK [0][]{chapter.3}{Gesamtentwurf}{}% 2
\BOOKMARK [1][]{section.4}{Model}{chapter.3}% 3
\BOOKMARK [2][]{subsection.5}{Private Klassen}{section.4}% 4
\BOOKMARK [2][]{subsection.7}{Oqat Public Ressources}{section.4}% 5
\BOOKMARK [1][]{section.9}{View}{chapter.3}% 6
\BOOKMARK [1][]{section.10}{ViewModel}{chapter.3}% 7
\BOOKMARK [2][]{subsection.11}{Oqat Organisation}{section.10}% 8
\BOOKMARK [2][]{subsection.13}{Macro}{section.10}% 9
\BOOKMARK [1][]{section.15}{Plugins}{chapter.3}% 10
\BOOKMARK [2][]{subsection.16}{Pr\344sentation}{section.15}% 11
\BOOKMARK [2][]{subsection.18}{VideoHandler}{section.15}% 12
\BOOKMARK [2][]{subsection.20}{Filter}{section.15}% 13
\BOOKMARK [2][]{subsection.22}{Metric}{section.15}% 14
\BOOKMARK [2][]{subsection.24}{Oqat Public Ressources}{section.15}% 15
\BOOKMARK [2][]{subsection.26}{Externe Klassen}{section.15}% 16
\BOOKMARK [0][]{chapter.27}{Sequenzdiagramme}{}% 17
\BOOKMARK [1][]{section.28}{Initialisierung von OQAT }{chapter.27}% 18
\BOOKMARK [1][]{section.29}{Initialisierung eines Projekts}{chapter.27}% 19
\BOOKMARK [1][]{section.30}{Macro}{chapter.27}% 20
\BOOKMARK [1][]{section.31}{Video Load}{chapter.27}% 21
\BOOKMARK [1][]{section.32}{Video Extra Ressource}{chapter.27}% 22
\BOOKMARK [1][]{section.33}{vidImport}{chapter.27}% 23
